2025-08-07 21:16:31,519 - INFO - 開始列印清洗: functional-design-and-architecture.pdf -> clean.pdf
2025-08-07 21:16:31,519 - INFO - 使用DPI: 600
2025-08-07 21:16:31,519 - INFO - 開始渲染PDF: functional-design-and-architecture.pdf
2025-08-07 21:16:31,696 - INFO - 渲染第 1/344 頁
2025-08-07 21:16:32,598 - INFO - 渲染第 2/344 頁
2025-08-07 21:16:33,124 - INFO - 渲染第 3/344 頁
2025-08-07 21:16:33,631 - INFO - 渲染第 4/344 頁
2025-08-07 21:16:34,125 - INFO - 渲染第 5/344 頁
2025-08-07 21:16:34,620 - INFO - 渲染第 6/344 頁
2025-08-07 21:16:35,102 - INFO - 渲染第 7/344 頁
2025-08-07 21:16:35,601 - INFO - 渲染第 8/344 頁
2025-08-07 21:16:36,099 - INFO - 渲染第 9/344 頁
2025-08-07 21:16:36,604 - INFO - 渲染第 10/344 頁
2025-08-07 21:16:37,067 - INFO - 渲染第 11/344 頁
2025-08-07 21:16:37,538 - INFO - 渲染第 12/344 頁
2025-08-07 21:16:38,051 - INFO - 渲染第 13/344 頁
2025-08-07 21:16:38,577 - INFO - 渲染第 14/344 頁
2025-08-07 21:16:39,141 - INFO - 渲染第 15/344 頁
2025-08-07 21:16:39,787 - INFO - 渲染第 16/344 頁
2025-08-07 21:16:40,305 - INFO - 渲染第 17/344 頁
2025-08-07 21:16:40,830 - INFO - 渲染第 18/344 頁
2025-08-07 21:16:41,344 - INFO - 渲染第 19/344 頁
2025-08-07 21:16:41,850 - INFO - 渲染第 20/344 頁
2025-08-07 21:16:42,370 - INFO - 渲染第 21/344 頁
2025-08-07 21:16:42,863 - INFO - 渲染第 22/344 頁
2025-08-07 21:16:43,377 - INFO - 渲染第 23/344 頁
2025-08-07 21:16:43,898 - INFO - 渲染第 24/344 頁
2025-08-07 21:16:44,382 - INFO - 渲染第 25/344 頁
2025-08-07 21:16:44,896 - INFO - 渲染第 26/344 頁
2025-08-07 21:16:45,421 - INFO - 渲染第 27/344 頁
2025-08-07 21:16:45,933 - INFO - 渲染第 28/344 頁
2025-08-07 21:16:46,450 - INFO - 渲染第 29/344 頁
2025-08-07 21:16:46,955 - INFO - 渲染第 30/344 頁
2025-08-07 21:16:47,470 - INFO - 渲染第 31/344 頁
2025-08-07 21:16:47,994 - INFO - 渲染第 32/344 頁
2025-08-07 21:16:48,526 - INFO - 渲染第 33/344 頁
2025-08-07 21:16:49,041 - INFO - 渲染第 34/344 頁
2025-08-07 21:16:49,559 - INFO - 渲染第 35/344 頁
2025-08-07 21:16:50,248 - INFO - 渲染第 36/344 頁
2025-08-07 21:16:50,762 - INFO - 渲染第 37/344 頁
2025-08-07 21:16:51,281 - INFO - 渲染第 38/344 頁
2025-08-07 21:16:51,763 - INFO - 渲染第 39/344 頁
2025-08-07 21:16:52,255 - INFO - 渲染第 40/344 頁
2025-08-07 21:16:52,785 - INFO - 渲染第 41/344 頁
2025-08-07 21:16:53,296 - INFO - 渲染第 42/344 頁
2025-08-07 21:16:53,820 - INFO - 渲染第 43/344 頁
2025-08-07 21:16:54,349 - INFO - 渲染第 44/344 頁
2025-08-07 21:16:54,876 - INFO - 渲染第 45/344 頁
2025-08-07 21:16:55,398 - INFO - 渲染第 46/344 頁
2025-08-07 21:16:55,913 - INFO - 渲染第 47/344 頁
2025-08-07 21:16:56,445 - INFO - 渲染第 48/344 頁
2025-08-07 21:16:56,970 - INFO - 渲染第 49/344 頁
2025-08-07 21:16:57,533 - INFO - 渲染第 50/344 頁
2025-08-07 21:16:58,064 - INFO - 渲染第 51/344 頁
2025-08-07 21:16:58,642 - INFO - 渲染第 52/344 頁
2025-08-07 21:16:59,248 - INFO - 渲染第 53/344 頁
2025-08-07 21:16:59,758 - INFO - 渲染第 54/344 頁
2025-08-07 21:17:00,272 - INFO - 渲染第 55/344 頁
2025-08-07 21:17:00,784 - INFO - 渲染第 56/344 頁
2025-08-07 21:17:01,344 - INFO - 渲染第 57/344 頁
2025-08-07 21:17:01,889 - INFO - 渲染第 58/344 頁
2025-08-07 21:17:02,516 - INFO - 渲染第 59/344 頁
2025-08-07 21:17:03,144 - INFO - 渲染第 60/344 頁
2025-08-07 21:17:03,698 - INFO - 渲染第 61/344 頁
2025-08-07 21:17:04,373 - INFO - 渲染第 62/344 頁
2025-08-07 21:17:05,035 - INFO - 渲染第 63/344 頁
2025-08-07 21:17:05,737 - INFO - 渲染第 64/344 頁
2025-08-07 21:17:06,311 - INFO - 渲染第 65/344 頁
2025-08-07 21:17:06,792 - INFO - 渲染第 66/344 頁
2025-08-07 21:17:07,259 - INFO - 渲染第 67/344 頁
2025-08-07 21:17:07,764 - INFO - 渲染第 68/344 頁
2025-08-07 21:17:08,299 - INFO - 渲染第 69/344 頁
2025-08-07 21:17:08,803 - INFO - 渲染第 70/344 頁
2025-08-07 21:17:09,316 - INFO - 渲染第 71/344 頁
2025-08-07 21:17:09,815 - INFO - 渲染第 72/344 頁
2025-08-07 21:17:10,322 - INFO - 渲染第 73/344 頁
2025-08-07 21:17:10,834 - INFO - 渲染第 74/344 頁
2025-08-07 21:17:11,340 - INFO - 渲染第 75/344 頁
2025-08-07 21:17:11,848 - INFO - 渲染第 76/344 頁
2025-08-07 21:17:12,358 - INFO - 渲染第 77/344 頁
2025-08-07 21:17:12,897 - INFO - 渲染第 78/344 頁
2025-08-07 21:17:13,414 - INFO - 渲染第 79/344 頁
2025-08-07 21:17:13,918 - INFO - 渲染第 80/344 頁
2025-08-07 21:17:14,421 - INFO - 渲染第 81/344 頁
2025-08-07 21:17:14,913 - INFO - 渲染第 82/344 頁
2025-08-07 21:17:15,448 - INFO - 渲染第 83/344 頁
2025-08-07 21:17:15,951 - INFO - 渲染第 84/344 頁
2025-08-07 21:17:16,465 - INFO - 渲染第 85/344 頁
2025-08-07 21:17:16,979 - INFO - 渲染第 86/344 頁
2025-08-07 21:17:17,503 - INFO - 渲染第 87/344 頁
2025-08-07 21:17:18,015 - INFO - 渲染第 88/344 頁
2025-08-07 21:17:18,516 - INFO - 渲染第 89/344 頁
2025-08-07 21:17:19,039 - INFO - 渲染第 90/344 頁
2025-08-07 21:17:19,555 - INFO - 渲染第 91/344 頁
2025-08-07 21:17:20,068 - INFO - 渲染第 92/344 頁
2025-08-07 21:17:20,571 - INFO - 渲染第 93/344 頁
2025-08-07 21:17:21,086 - INFO - 渲染第 94/344 頁
2025-08-07 21:17:21,619 - INFO - 渲染第 95/344 頁
2025-08-07 21:17:22,123 - INFO - 渲染第 96/344 頁
2025-08-07 21:17:22,644 - INFO - 渲染第 97/344 頁
2025-08-07 21:17:23,149 - INFO - 渲染第 98/344 頁
2025-08-07 21:17:23,678 - INFO - 渲染第 99/344 頁
2025-08-07 21:17:24,196 - INFO - 渲染第 100/344 頁
2025-08-07 21:17:24,702 - INFO - 渲染第 101/344 頁
2025-08-07 21:17:25,220 - INFO - 渲染第 102/344 頁
2025-08-07 21:17:25,745 - INFO - 渲染第 103/344 頁
2025-08-07 21:17:26,252 - INFO - 渲染第 104/344 頁
2025-08-07 21:17:26,868 - INFO - 渲染第 105/344 頁
2025-08-07 21:17:27,362 - INFO - 渲染第 106/344 頁
2025-08-07 21:17:27,875 - INFO - 渲染第 107/344 頁
2025-08-07 21:17:28,389 - INFO - 渲染第 108/344 頁
2025-08-07 21:17:28,911 - INFO - 渲染第 109/344 頁
2025-08-07 21:17:29,425 - INFO - 渲染第 110/344 頁
2025-08-07 21:17:29,919 - INFO - 渲染第 111/344 頁
2025-08-07 21:17:30,430 - INFO - 渲染第 112/344 頁
2025-08-07 21:17:30,946 - INFO - 渲染第 113/344 頁
2025-08-07 21:17:31,458 - INFO - 渲染第 114/344 頁
2025-08-07 21:17:31,983 - INFO - 渲染第 115/344 頁
2025-08-07 21:17:32,504 - INFO - 渲染第 116/344 頁
2025-08-07 21:17:33,022 - INFO - 渲染第 117/344 頁
2025-08-07 21:17:33,531 - INFO - 渲染第 118/344 頁
2025-08-07 21:17:34,046 - INFO - 渲染第 119/344 頁
2025-08-07 21:17:34,544 - INFO - 渲染第 120/344 頁
2025-08-07 21:17:35,059 - INFO - 渲染第 121/344 頁
2025-08-07 21:17:35,584 - INFO - 渲染第 122/344 頁
2025-08-07 21:17:36,105 - INFO - 渲染第 123/344 頁
2025-08-07 21:17:36,608 - INFO - 渲染第 124/344 頁
2025-08-07 21:17:37,115 - INFO - 渲染第 125/344 頁
2025-08-07 21:17:37,621 - INFO - 渲染第 126/344 頁
2025-08-07 21:17:38,143 - INFO - 渲染第 127/344 頁
2025-08-07 21:17:38,678 - INFO - 渲染第 128/344 頁
2025-08-07 21:17:39,196 - INFO - 渲染第 129/344 頁
2025-08-07 21:17:39,706 - INFO - 渲染第 130/344 頁
2025-08-07 21:17:40,221 - INFO - 渲染第 131/344 頁
2025-08-07 21:17:40,721 - INFO - 渲染第 132/344 頁
2025-08-07 21:17:41,245 - INFO - 渲染第 133/344 頁
2025-08-07 21:17:41,747 - INFO - 渲染第 134/344 頁
2025-08-07 21:17:42,265 - INFO - 渲染第 135/344 頁
2025-08-07 21:17:42,805 - INFO - 渲染第 136/344 頁
2025-08-07 21:17:43,308 - INFO - 渲染第 137/344 頁
2025-08-07 21:17:43,831 - INFO - 渲染第 138/344 頁
2025-08-07 21:17:44,345 - INFO - 渲染第 139/344 頁
2025-08-07 21:17:44,867 - INFO - 渲染第 140/344 頁
2025-08-07 21:17:45,380 - INFO - 渲染第 141/344 頁
2025-08-07 21:17:45,880 - INFO - 渲染第 142/344 頁
2025-08-07 21:17:46,442 - INFO - 渲染第 143/344 頁
2025-08-07 21:17:46,985 - INFO - 渲染第 144/344 頁
2025-08-07 21:17:47,507 - INFO - 渲染第 145/344 頁
2025-08-07 21:17:48,031 - INFO - 渲染第 146/344 頁
2025-08-07 21:17:48,542 - INFO - 渲染第 147/344 頁
2025-08-07 21:17:49,071 - INFO - 渲染第 148/344 頁
2025-08-07 21:17:49,585 - INFO - 渲染第 149/344 頁
2025-08-07 21:17:50,150 - INFO - 渲染第 150/344 頁
2025-08-07 21:17:50,658 - INFO - 渲染第 151/344 頁
2025-08-07 21:17:51,155 - INFO - 渲染第 152/344 頁
2025-08-07 21:17:51,692 - INFO - 渲染第 153/344 頁
2025-08-07 21:17:52,206 - INFO - 渲染第 154/344 頁
2025-08-07 21:17:52,717 - INFO - 渲染第 155/344 頁
2025-08-07 21:17:53,232 - INFO - 渲染第 156/344 頁
2025-08-07 21:17:53,729 - INFO - 渲染第 157/344 頁
2025-08-07 21:17:54,244 - INFO - 渲染第 158/344 頁
2025-08-07 21:17:54,764 - INFO - 渲染第 159/344 頁
2025-08-07 21:17:55,325 - INFO - 渲染第 160/344 頁
2025-08-07 21:17:55,838 - INFO - 渲染第 161/344 頁
2025-08-07 21:17:56,347 - INFO - 渲染第 162/344 頁
2025-08-07 21:17:56,849 - INFO - 渲染第 163/344 頁
2025-08-07 21:17:57,396 - INFO - 渲染第 164/344 頁
2025-08-07 21:17:57,951 - INFO - 渲染第 165/344 頁
2025-08-07 21:17:58,460 - INFO - 渲染第 166/344 頁
2025-08-07 21:17:58,961 - INFO - 渲染第 167/344 頁
2025-08-07 21:17:59,476 - INFO - 渲染第 168/344 頁
2025-08-07 21:17:59,983 - INFO - 渲染第 169/344 頁
2025-08-07 21:18:00,492 - INFO - 渲染第 170/344 頁
2025-08-07 21:18:01,005 - INFO - 渲染第 171/344 頁
2025-08-07 21:18:01,516 - INFO - 渲染第 172/344 頁
2025-08-07 21:18:02,021 - INFO - 渲染第 173/344 頁
2025-08-07 21:18:02,553 - INFO - 渲染第 174/344 頁
2025-08-07 21:18:03,083 - INFO - 渲染第 175/344 頁
2025-08-07 21:18:03,592 - INFO - 渲染第 176/344 頁
2025-08-07 21:18:04,094 - INFO - 渲染第 177/344 頁
2025-08-07 21:18:04,611 - INFO - 渲染第 178/344 頁
2025-08-07 21:18:05,203 - INFO - 渲染第 179/344 頁
2025-08-07 21:18:05,907 - INFO - 渲染第 180/344 頁
2025-08-07 21:18:06,537 - INFO - 渲染第 181/344 頁
2025-08-07 21:18:07,179 - INFO - 渲染第 182/344 頁
2025-08-07 21:18:07,736 - INFO - 渲染第 183/344 頁
2025-08-07 21:18:08,322 - INFO - 渲染第 184/344 頁
2025-08-07 21:18:08,901 - INFO - 渲染第 185/344 頁
2025-08-07 21:18:09,530 - INFO - 渲染第 186/344 頁
2025-08-07 21:18:10,002 - INFO - 渲染第 187/344 頁
2025-08-07 21:18:10,463 - INFO - 渲染第 188/344 頁
2025-08-07 21:18:10,972 - INFO - 渲染第 189/344 頁
2025-08-07 21:18:11,484 - INFO - 渲染第 190/344 頁
2025-08-07 21:18:12,016 - INFO - 渲染第 191/344 頁
2025-08-07 21:18:12,527 - INFO - 渲染第 192/344 頁
2025-08-07 21:18:13,027 - INFO - 渲染第 193/344 頁
2025-08-07 21:18:13,590 - INFO - 渲染第 194/344 頁
2025-08-07 21:18:14,101 - INFO - 渲染第 195/344 頁
2025-08-07 21:18:14,652 - INFO - 渲染第 196/344 頁
2025-08-07 21:18:15,153 - INFO - 渲染第 197/344 頁
2025-08-07 21:18:15,657 - INFO - 渲染第 198/344 頁
2025-08-07 21:18:16,168 - INFO - 渲染第 199/344 頁
2025-08-07 21:18:16,680 - INFO - 渲染第 200/344 頁
2025-08-07 21:18:17,190 - INFO - 渲染第 201/344 頁
2025-08-07 21:18:17,690 - INFO - 渲染第 202/344 頁
2025-08-07 21:18:18,222 - INFO - 渲染第 203/344 頁
2025-08-07 21:18:18,742 - INFO - 渲染第 204/344 頁
2025-08-07 21:18:19,451 - INFO - 渲染第 205/344 頁
2025-08-07 21:18:20,065 - INFO - 渲染第 206/344 頁
2025-08-07 21:18:20,650 - INFO - 渲染第 207/344 頁
2025-08-07 21:18:21,169 - INFO - 渲染第 208/344 頁
2025-08-07 21:18:21,679 - INFO - 渲染第 209/344 頁
2025-08-07 21:18:22,182 - INFO - 渲染第 210/344 頁
2025-08-07 21:18:22,686 - INFO - 渲染第 211/344 頁
2025-08-07 21:18:23,211 - INFO - 渲染第 212/344 頁
2025-08-07 21:18:23,739 - INFO - 渲染第 213/344 頁
2025-08-07 21:18:24,301 - INFO - 渲染第 214/344 頁
2025-08-07 21:18:24,804 - INFO - 渲染第 215/344 頁
2025-08-07 21:18:25,380 - INFO - 渲染第 216/344 頁
2025-08-07 21:18:25,878 - INFO - 渲染第 217/344 頁
2025-08-07 21:18:26,385 - INFO - 渲染第 218/344 頁
2025-08-07 21:18:26,887 - INFO - 渲染第 219/344 頁
2025-08-07 21:18:27,388 - INFO - 渲染第 220/344 頁
2025-08-07 21:18:27,900 - INFO - 渲染第 221/344 頁
2025-08-07 21:18:28,380 - INFO - 渲染第 222/344 頁
2025-08-07 21:18:28,870 - INFO - 渲染第 223/344 頁
2025-08-07 21:18:29,387 - INFO - 渲染第 224/344 頁
2025-08-07 21:18:29,883 - INFO - 渲染第 225/344 頁
2025-08-07 21:18:30,407 - INFO - 渲染第 226/344 頁
2025-08-07 21:18:30,922 - INFO - 渲染第 227/344 頁
2025-08-07 21:18:31,415 - INFO - 渲染第 228/344 頁
2025-08-07 21:18:31,911 - INFO - 渲染第 229/344 頁
2025-08-07 21:18:32,413 - INFO - 渲染第 230/344 頁
2025-08-07 21:18:32,921 - INFO - 渲染第 231/344 頁
2025-08-07 21:18:33,429 - INFO - 渲染第 232/344 頁
2025-08-07 21:18:33,961 - INFO - 渲染第 233/344 頁
2025-08-07 21:18:34,476 - INFO - 渲染第 234/344 頁
2025-08-07 21:18:34,980 - INFO - 渲染第 235/344 頁
2025-08-07 21:18:35,499 - INFO - 渲染第 236/344 頁
2025-08-07 21:18:36,005 - INFO - 渲染第 237/344 頁
2025-08-07 21:18:36,503 - INFO - 渲染第 238/344 頁
2025-08-07 21:18:37,015 - INFO - 渲染第 239/344 頁
2025-08-07 21:18:37,524 - INFO - 渲染第 240/344 頁
2025-08-07 21:18:38,040 - INFO - 渲染第 241/344 頁
2025-08-07 21:18:38,544 - INFO - 渲染第 242/344 頁
2025-08-07 21:18:39,060 - INFO - 渲染第 243/344 頁
2025-08-07 21:18:39,569 - INFO - 渲染第 244/344 頁
2025-08-07 21:18:40,085 - INFO - 渲染第 245/344 頁
2025-08-07 21:18:40,603 - INFO - 渲染第 246/344 頁
2025-08-07 21:18:41,107 - INFO - 渲染第 247/344 頁
2025-08-07 21:18:41,622 - INFO - 渲染第 248/344 頁
2025-08-07 21:18:42,122 - INFO - 渲染第 249/344 頁
2025-08-07 21:18:42,631 - INFO - 渲染第 250/344 頁
2025-08-07 21:18:43,140 - INFO - 渲染第 251/344 頁
2025-08-07 21:18:43,645 - INFO - 渲染第 252/344 頁
2025-08-07 21:18:44,153 - INFO - 渲染第 253/344 頁
2025-08-07 21:18:44,646 - INFO - 渲染第 254/344 頁
2025-08-07 21:18:45,159 - INFO - 渲染第 255/344 頁
2025-08-07 21:18:45,696 - INFO - 渲染第 256/344 頁
2025-08-07 21:18:46,179 - INFO - 渲染第 257/344 頁
2025-08-07 21:18:46,704 - INFO - 渲染第 258/344 頁
2025-08-07 21:18:47,218 - INFO - 渲染第 259/344 頁
2025-08-07 21:18:47,731 - INFO - 渲染第 260/344 頁
2025-08-07 21:18:48,243 - INFO - 渲染第 261/344 頁
2025-08-07 21:18:48,759 - INFO - 渲染第 262/344 頁
2025-08-07 21:18:49,252 - INFO - 渲染第 263/344 頁
2025-08-07 21:18:49,849 - INFO - 渲染第 264/344 頁
2025-08-07 21:18:50,365 - INFO - 渲染第 265/344 頁
2025-08-07 21:18:50,896 - INFO - 渲染第 266/344 頁
2025-08-07 21:18:51,441 - INFO - 渲染第 267/344 頁
2025-08-07 21:18:51,950 - INFO - 渲染第 268/344 頁
2025-08-07 21:18:52,452 - INFO - 渲染第 269/344 頁
2025-08-07 21:18:53,039 - INFO - 渲染第 270/344 頁
2025-08-07 21:18:53,537 - INFO - 渲染第 271/344 頁
2025-08-07 21:18:54,043 - INFO - 渲染第 272/344 頁
2025-08-07 21:18:54,587 - INFO - 渲染第 273/344 頁
2025-08-07 21:18:55,124 - INFO - 渲染第 274/344 頁
2025-08-07 21:18:55,625 - INFO - 渲染第 275/344 頁
2025-08-07 21:18:56,184 - INFO - 渲染第 276/344 頁
2025-08-07 21:18:56,774 - INFO - 渲染第 277/344 頁
2025-08-07 21:18:57,276 - INFO - 渲染第 278/344 頁
2025-08-07 21:18:57,776 - INFO - 渲染第 279/344 頁
2025-08-07 21:18:58,287 - INFO - 渲染第 280/344 頁
2025-08-07 21:18:58,796 - INFO - 渲染第 281/344 頁
2025-08-07 21:18:59,314 - INFO - 渲染第 282/344 頁
2025-08-07 21:18:59,812 - INFO - 渲染第 283/344 頁
2025-08-07 21:19:00,317 - INFO - 渲染第 284/344 頁
2025-08-07 21:19:00,821 - INFO - 渲染第 285/344 頁
2025-08-07 21:19:01,319 - INFO - 渲染第 286/344 頁
2025-08-07 21:19:01,907 - INFO - 渲染第 287/344 頁
2025-08-07 21:19:02,412 - INFO - 渲染第 288/344 頁
2025-08-07 21:19:02,911 - INFO - 渲染第 289/344 頁
2025-08-07 21:19:03,530 - INFO - 渲染第 290/344 頁
2025-08-07 21:19:04,036 - INFO - 渲染第 291/344 頁
2025-08-07 21:19:04,536 - INFO - 渲染第 292/344 頁
2025-08-07 21:19:05,046 - INFO - 渲染第 293/344 頁
2025-08-07 21:19:05,548 - INFO - 渲染第 294/344 頁
2025-08-07 21:19:06,058 - INFO - 渲染第 295/344 頁
2025-08-07 21:19:06,590 - INFO - 渲染第 296/344 頁
2025-08-07 21:19:07,116 - INFO - 渲染第 297/344 頁
2025-08-07 21:19:07,617 - INFO - 渲染第 298/344 頁
2025-08-07 21:19:08,150 - INFO - 渲染第 299/344 頁
2025-08-07 21:19:08,656 - INFO - 渲染第 300/344 頁
2025-08-07 21:19:09,157 - INFO - 渲染第 301/344 頁
2025-08-07 21:19:09,755 - INFO - 渲染第 302/344 頁
2025-08-07 21:19:10,341 - INFO - 渲染第 303/344 頁
2025-08-07 21:19:10,952 - INFO - 渲染第 304/344 頁
2025-08-07 21:19:11,566 - INFO - 渲染第 305/344 頁
2025-08-07 21:19:12,216 - INFO - 渲染第 306/344 頁
2025-08-07 21:19:12,742 - INFO - 渲染第 307/344 頁
2025-08-07 21:19:13,294 - INFO - 渲染第 308/344 頁
2025-08-07 21:19:13,814 - INFO - 渲染第 309/344 頁
2025-08-07 21:19:14,337 - INFO - 渲染第 310/344 頁
2025-08-07 21:19:14,850 - INFO - 渲染第 311/344 頁
2025-08-07 21:19:15,353 - INFO - 渲染第 312/344 頁
2025-08-07 21:19:15,872 - INFO - 渲染第 313/344 頁
2025-08-07 21:19:16,383 - INFO - 渲染第 314/344 頁
2025-08-07 21:19:16,884 - INFO - 渲染第 315/344 頁
2025-08-07 21:19:17,406 - INFO - 渲染第 316/344 頁
2025-08-07 21:19:18,019 - INFO - 渲染第 317/344 頁
2025-08-07 21:19:18,543 - INFO - 渲染第 318/344 頁
2025-08-07 21:19:19,068 - INFO - 渲染第 319/344 頁
2025-08-07 21:19:19,649 - INFO - 渲染第 320/344 頁
2025-08-07 21:19:20,342 - INFO - 渲染第 321/344 頁
2025-08-07 21:19:20,848 - INFO - 渲染第 322/344 頁
2025-08-07 21:19:21,360 - INFO - 渲染第 323/344 頁
2025-08-07 21:19:21,875 - INFO - 渲染第 324/344 頁
2025-08-07 21:19:22,373 - INFO - 渲染第 325/344 頁
2025-08-07 21:19:22,886 - INFO - 渲染第 326/344 頁
2025-08-07 21:19:23,408 - INFO - 渲染第 327/344 頁
2025-08-07 21:19:23,941 - INFO - 渲染第 328/344 頁
2025-08-07 21:19:24,508 - INFO - 渲染第 329/344 頁
2025-08-07 21:19:25,022 - INFO - 渲染第 330/344 頁
2025-08-07 21:19:25,523 - INFO - 渲染第 331/344 頁
2025-08-07 21:19:26,054 - INFO - 渲染第 332/344 頁
2025-08-07 21:19:26,579 - INFO - 渲染第 333/344 頁
2025-08-07 21:19:27,089 - INFO - 渲染第 334/344 頁
2025-08-07 21:19:27,655 - INFO - 渲染第 335/344 頁
2025-08-07 21:19:28,168 - INFO - 渲染第 336/344 頁
2025-08-07 21:19:28,670 - INFO - 渲染第 337/344 頁
2025-08-07 21:19:29,185 - INFO - 渲染第 338/344 頁
2025-08-07 21:19:29,688 - INFO - 渲染第 339/344 頁
2025-08-07 21:19:30,206 - INFO - 渲染第 340/344 頁
2025-08-07 21:19:30,715 - INFO - 渲染第 341/344 頁
2025-08-07 21:19:31,249 - INFO - 渲染第 342/344 頁
2025-08-07 21:19:31,751 - INFO - 渲染第 343/344 頁
2025-08-07 21:19:32,262 - INFO - 渲染第 344/344 頁
2025-08-07 21:19:32,767 - INFO - 成功渲染 344 頁
2025-08-07 21:19:32,767 - INFO - 開始創建PDF: clean.pdf
2025-08-07 21:19:32,767 - INFO - 處理第 1 頁
2025-08-07 21:19:34,960 - INFO - 處理第 2 頁
2025-08-07 21:19:36,193 - INFO - 處理第 3 頁
2025-08-07 21:19:37,988 - INFO - 處理第 4 頁
2025-08-07 21:19:39,246 - INFO - 處理第 5 頁
2025-08-07 21:19:40,703 - INFO - 處理第 6 頁
2025-08-07 21:19:42,065 - INFO - 處理第 7 頁
2025-08-07 21:19:43,921 - INFO - 處理第 8 頁
2025-08-07 21:19:46,120 - INFO - 處理第 9 頁
2025-08-07 21:19:48,431 - INFO - 處理第 10 頁
2025-08-07 21:19:49,861 - INFO - 處理第 11 頁
2025-08-07 21:19:51,062 - INFO - 處理第 12 頁
2025-08-07 21:19:52,984 - INFO - 處理第 13 頁
2025-08-07 21:19:55,209 - INFO - 處理第 14 頁
2025-08-07 21:19:57,171 - INFO - 處理第 15 頁
2025-08-07 21:19:59,067 - INFO - 處理第 16 頁
2025-08-07 21:20:00,969 - INFO - 處理第 17 頁
2025-08-07 21:20:02,852 - INFO - 處理第 18 頁
2025-08-07 21:20:04,684 - INFO - 處理第 19 頁
2025-08-07 21:20:06,306 - INFO - 處理第 20 頁
2025-08-07 21:20:08,256 - INFO - 處理第 21 頁
2025-08-07 21:20:09,896 - INFO - 處理第 22 頁
2025-08-07 21:20:11,753 - INFO - 處理第 23 頁
2025-08-07 21:20:13,842 - INFO - 處理第 24 頁
2025-08-07 21:20:15,613 - INFO - 處理第 25 頁
2025-08-07 21:20:17,691 - INFO - 處理第 26 頁
2025-08-07 21:20:19,838 - INFO - 處理第 27 頁
2025-08-07 21:20:21,666 - INFO - 處理第 28 頁
2025-08-07 21:20:23,493 - INFO - 處理第 29 頁
2025-08-07 21:20:25,375 - INFO - 處理第 30 頁
2025-08-07 21:20:27,133 - INFO - 處理第 31 頁
2025-08-07 21:20:29,193 - INFO - 處理第 32 頁
2025-08-07 21:20:31,451 - INFO - 處理第 33 頁
2025-08-07 21:20:34,025 - INFO - 處理第 34 頁
2025-08-07 21:20:36,046 - INFO - 處理第 35 頁
2025-08-07 21:20:37,996 - INFO - 處理第 36 頁
2025-08-07 21:20:40,001 - INFO - 處理第 37 頁
2025-08-07 21:20:41,950 - INFO - 處理第 38 頁
2025-08-07 21:20:43,253 - INFO - 處理第 39 頁
2025-08-07 21:20:44,758 - INFO - 處理第 40 頁
2025-08-07 21:20:46,538 - INFO - 處理第 41 頁
2025-08-07 21:20:48,088 - INFO - 處理第 42 頁
2025-08-07 21:20:50,203 - INFO - 處理第 43 頁
2025-08-07 21:20:52,214 - INFO - 處理第 44 頁
2025-08-07 21:20:54,316 - INFO - 處理第 45 頁
2025-08-07 21:20:56,109 - INFO - 處理第 46 頁
2025-08-07 21:20:57,891 - INFO - 處理第 47 頁
2025-08-07 21:21:00,191 - INFO - 處理第 48 頁
2025-08-07 21:21:02,410 - INFO - 處理第 49 頁
2025-08-07 21:21:04,578 - INFO - 處理第 50 頁
2025-08-07 21:21:06,122 - INFO - 處理第 51 頁
2025-08-07 21:21:08,109 - INFO - 處理第 52 頁
2025-08-07 21:21:10,408 - INFO - 處理第 53 頁
2025-08-07 21:21:12,186 - INFO - 處理第 54 頁
2025-08-07 21:21:13,911 - INFO - 處理第 55 頁
2025-08-07 21:21:15,662 - INFO - 處理第 56 頁
2025-08-07 21:21:17,650 - INFO - 處理第 57 頁
2025-08-07 21:21:20,210 - INFO - 處理第 58 頁
2025-08-07 21:21:21,770 - INFO - 處理第 59 頁
2025-08-07 21:21:23,472 - INFO - 處理第 60 頁
2025-08-07 21:21:24,853 - INFO - 處理第 61 頁
2025-08-07 21:21:26,841 - INFO - 處理第 62 頁
2025-08-07 21:21:29,066 - INFO - 處理第 63 頁
2025-08-07 21:21:30,989 - INFO - 處理第 64 頁
2025-08-07 21:21:33,171 - INFO - 處理第 65 頁
2025-08-07 21:21:34,365 - INFO - 處理第 66 頁
2025-08-07 21:21:35,308 - INFO - 處理第 67 頁
2025-08-07 21:21:36,988 - INFO - 處理第 68 頁
2025-08-07 21:21:39,031 - INFO - 處理第 69 頁
2025-08-07 21:21:40,746 - INFO - 處理第 70 頁
2025-08-07 21:21:42,651 - INFO - 處理第 71 頁
2025-08-07 21:21:44,456 - INFO - 處理第 72 頁
2025-08-07 21:21:46,245 - INFO - 處理第 73 頁
2025-08-07 21:21:48,047 - INFO - 處理第 74 頁
2025-08-07 21:21:49,878 - INFO - 處理第 75 頁
2025-08-07 21:21:51,633 - INFO - 處理第 76 頁
2025-08-07 21:21:53,324 - INFO - 處理第 77 頁
2025-08-07 21:21:55,132 - INFO - 處理第 78 頁
2025-08-07 21:21:56,812 - INFO - 處理第 79 頁
2025-08-07 21:21:58,539 - INFO - 處理第 80 頁
2025-08-07 21:22:00,214 - INFO - 處理第 81 頁
2025-08-07 21:22:01,891 - INFO - 處理第 82 頁
2025-08-07 21:22:04,084 - INFO - 處理第 83 頁
2025-08-07 21:22:05,887 - INFO - 處理第 84 頁
2025-08-07 21:22:07,687 - INFO - 處理第 85 頁
2025-08-07 21:22:09,523 - INFO - 處理第 86 頁
2025-08-07 21:22:11,366 - INFO - 處理第 87 頁
2025-08-07 21:22:13,067 - INFO - 處理第 88 頁
2025-08-07 21:22:14,602 - INFO - 處理第 89 頁
2025-08-07 21:22:16,515 - INFO - 處理第 90 頁
2025-08-07 21:22:18,508 - INFO - 處理第 91 頁
2025-08-07 21:22:20,197 - ERROR - 創建PDF時發生錯誤: 
identity=[ImageReader@0x1ae37428050]
2025-08-07 21:26:17,008 - INFO - 開始列印清洗: functional-design-and-architecture.pdf -> clean.pdf
2025-08-07 21:26:17,008 - INFO - 使用DPI: 600
2025-08-07 21:26:17,008 - INFO - 開始渲染PDF: functional-design-and-architecture.pdf
2025-08-07 21:26:17,366 - INFO - 渲染第 1/344 頁
2025-08-07 21:26:18,627 - INFO - 渲染第 2/344 頁
2025-08-07 21:26:19,173 - INFO - 渲染第 3/344 頁
2025-08-07 21:26:19,685 - INFO - 渲染第 4/344 頁
2025-08-07 21:26:20,167 - INFO - 渲染第 5/344 頁
2025-08-07 21:26:20,678 - INFO - 渲染第 6/344 頁
2025-08-07 21:26:21,149 - INFO - 渲染第 7/344 頁
2025-08-07 21:26:21,634 - INFO - 渲染第 8/344 頁
2025-08-07 21:26:22,124 - INFO - 渲染第 9/344 頁
2025-08-07 21:26:22,648 - INFO - 渲染第 10/344 頁
2025-08-07 21:26:23,122 - INFO - 渲染第 11/344 頁
2025-08-07 21:26:23,594 - INFO - 渲染第 12/344 頁
2025-08-07 21:26:24,128 - INFO - 渲染第 13/344 頁
2025-08-07 21:26:24,655 - INFO - 渲染第 14/344 頁
2025-08-07 21:26:25,211 - INFO - 渲染第 15/344 頁
2025-08-07 21:26:25,749 - INFO - 渲染第 16/344 頁
2025-08-07 21:26:26,259 - INFO - 渲染第 17/344 頁
2025-08-07 21:26:26,805 - INFO - 渲染第 18/344 頁
2025-08-07 21:26:27,309 - INFO - 渲染第 19/344 頁
2025-08-07 21:26:27,835 - INFO - 渲染第 20/344 頁
2025-08-07 21:26:28,356 - INFO - 渲染第 21/344 頁
2025-08-07 21:26:28,849 - INFO - 渲染第 22/344 頁
2025-08-07 21:26:29,359 - INFO - 渲染第 23/344 頁
2025-08-07 21:26:29,876 - INFO - 渲染第 24/344 頁
2025-08-07 21:26:30,412 - INFO - 渲染第 25/344 頁
2025-08-07 21:26:31,028 - INFO - 渲染第 26/344 頁
2025-08-07 21:26:31,622 - INFO - 渲染第 27/344 頁
2025-08-07 21:26:32,240 - INFO - 渲染第 28/344 頁
2025-08-07 21:26:32,771 - INFO - 渲染第 29/344 頁
2025-08-07 21:26:33,286 - INFO - 渲染第 30/344 頁
2025-08-07 21:26:33,799 - INFO - 渲染第 31/344 頁
2025-08-07 21:26:34,321 - INFO - 渲染第 32/344 頁
2025-08-07 21:26:34,889 - INFO - 渲染第 33/344 頁
2025-08-07 21:26:35,506 - INFO - 渲染第 34/344 頁
2025-08-07 21:26:36,128 - INFO - 渲染第 35/344 頁
2025-08-07 21:26:36,746 - INFO - 渲染第 36/344 頁
2025-08-07 21:26:37,368 - INFO - 渲染第 37/344 頁
2025-08-07 21:26:37,943 - INFO - 渲染第 38/344 頁
2025-08-07 21:26:38,571 - INFO - 渲染第 39/344 頁
2025-08-07 21:26:39,142 - INFO - 渲染第 40/344 頁
2025-08-07 21:26:39,691 - INFO - 渲染第 41/344 頁
2025-08-07 21:26:40,221 - INFO - 渲染第 42/344 頁
2025-08-07 21:26:40,780 - INFO - 渲染第 43/344 頁
2025-08-07 21:26:41,335 - INFO - 渲染第 44/344 頁
2025-08-07 21:26:41,899 - INFO - 渲染第 45/344 頁
2025-08-07 21:26:42,462 - INFO - 渲染第 46/344 頁
2025-08-07 21:26:42,997 - INFO - 渲染第 47/344 頁
2025-08-07 21:26:43,560 - INFO - 渲染第 48/344 頁
2025-08-07 21:26:44,095 - INFO - 渲染第 49/344 頁
2025-08-07 21:26:44,645 - INFO - 渲染第 50/344 頁
2025-08-07 21:26:45,183 - INFO - 渲染第 51/344 頁
2025-08-07 21:26:45,753 - INFO - 渲染第 52/344 頁
2025-08-07 21:26:46,369 - INFO - 渲染第 53/344 頁
2025-08-07 21:26:46,906 - INFO - 渲染第 54/344 頁
2025-08-07 21:26:47,425 - INFO - 渲染第 55/344 頁
2025-08-07 21:26:47,926 - INFO - 渲染第 56/344 頁
2025-08-07 21:26:48,470 - INFO - 渲染第 57/344 頁
2025-08-07 21:26:48,989 - INFO - 渲染第 58/344 頁
2025-08-07 21:26:49,493 - INFO - 渲染第 59/344 頁
2025-08-07 21:26:50,081 - INFO - 渲染第 60/344 頁
2025-08-07 21:26:50,570 - INFO - 渲染第 61/344 頁
2025-08-07 21:26:51,138 - INFO - 渲染第 62/344 頁
2025-08-07 21:26:51,658 - INFO - 渲染第 63/344 頁
2025-08-07 21:26:52,188 - INFO - 渲染第 64/344 頁
2025-08-07 21:26:52,828 - INFO - 渲染第 65/344 頁
2025-08-07 21:26:53,335 - INFO - 渲染第 66/344 頁
2025-08-07 21:26:53,811 - INFO - 渲染第 67/344 頁
2025-08-07 21:26:54,315 - INFO - 渲染第 68/344 頁
2025-08-07 21:26:54,897 - INFO - 渲染第 69/344 頁
2025-08-07 21:26:55,563 - INFO - 渲染第 70/344 頁
2025-08-07 21:26:56,083 - INFO - 渲染第 71/344 頁
2025-08-07 21:26:56,596 - INFO - 渲染第 72/344 頁
2025-08-07 21:26:57,106 - INFO - 渲染第 73/344 頁
2025-08-07 21:26:57,626 - INFO - 渲染第 74/344 頁
2025-08-07 21:26:58,138 - INFO - 渲染第 75/344 頁
2025-08-07 21:26:58,642 - INFO - 渲染第 76/344 頁
2025-08-07 21:26:59,169 - INFO - 渲染第 77/344 頁
2025-08-07 21:26:59,715 - INFO - 渲染第 78/344 頁
2025-08-07 21:27:00,227 - INFO - 渲染第 79/344 頁
2025-08-07 21:27:00,733 - INFO - 渲染第 80/344 頁
2025-08-07 21:27:01,225 - INFO - 渲染第 81/344 頁
2025-08-07 21:27:01,724 - INFO - 渲染第 82/344 頁
2025-08-07 21:27:02,274 - INFO - 渲染第 83/344 頁
2025-08-07 21:27:02,784 - INFO - 渲染第 84/344 頁
2025-08-07 21:27:03,296 - INFO - 渲染第 85/344 頁
2025-08-07 21:27:03,879 - INFO - 渲染第 86/344 頁
2025-08-07 21:27:04,397 - INFO - 渲染第 87/344 頁
2025-08-07 21:27:04,905 - INFO - 渲染第 88/344 頁
2025-08-07 21:27:05,408 - INFO - 渲染第 89/344 頁
2025-08-07 21:27:05,924 - INFO - 渲染第 90/344 頁
2025-08-07 21:27:06,456 - INFO - 渲染第 91/344 頁
2025-08-07 21:27:06,964 - INFO - 渲染第 92/344 頁
2025-08-07 21:27:07,472 - INFO - 渲染第 93/344 頁
2025-08-07 21:27:07,993 - INFO - 渲染第 94/344 頁
2025-08-07 21:27:08,491 - INFO - 渲染第 95/344 頁
2025-08-07 21:27:08,990 - INFO - 渲染第 96/344 頁
2025-08-07 21:27:09,487 - INFO - 渲染第 97/344 頁
2025-08-07 21:27:09,988 - INFO - 渲染第 98/344 頁
2025-08-07 21:27:10,498 - INFO - 渲染第 99/344 頁
2025-08-07 21:27:11,016 - INFO - 渲染第 100/344 頁
2025-08-07 21:27:11,510 - INFO - 渲染第 101/344 頁
2025-08-07 21:27:12,020 - INFO - 渲染第 102/344 頁
2025-08-07 21:27:12,535 - INFO - 渲染第 103/344 頁
2025-08-07 21:27:13,043 - INFO - 渲染第 104/344 頁
2025-08-07 21:27:13,642 - INFO - 渲染第 105/344 頁
2025-08-07 21:27:14,135 - INFO - 渲染第 106/344 頁
2025-08-07 21:27:14,638 - INFO - 渲染第 107/344 頁
2025-08-07 21:27:15,137 - INFO - 渲染第 108/344 頁
2025-08-07 21:27:15,668 - INFO - 渲染第 109/344 頁
2025-08-07 21:27:16,165 - INFO - 渲染第 110/344 頁
2025-08-07 21:27:16,659 - INFO - 渲染第 111/344 頁
2025-08-07 21:27:17,155 - INFO - 渲染第 112/344 頁
2025-08-07 21:27:17,646 - INFO - 渲染第 113/344 頁
2025-08-07 21:27:18,169 - INFO - 渲染第 114/344 頁
2025-08-07 21:27:18,731 - INFO - 渲染第 115/344 頁
2025-08-07 21:27:19,262 - INFO - 渲染第 116/344 頁
2025-08-07 21:27:19,779 - INFO - 渲染第 117/344 頁
2025-08-07 21:27:20,275 - INFO - 渲染第 118/344 頁
2025-08-07 21:27:20,807 - INFO - 渲染第 119/344 頁
2025-08-07 21:27:21,306 - INFO - 渲染第 120/344 頁
2025-08-07 21:27:21,828 - INFO - 渲染第 121/344 頁
2025-08-07 21:27:22,343 - INFO - 渲染第 122/344 頁
2025-08-07 21:27:22,880 - INFO - 渲染第 123/344 頁
2025-08-07 21:27:23,396 - INFO - 渲染第 124/344 頁
2025-08-07 21:27:23,898 - INFO - 渲染第 125/344 頁
2025-08-07 21:27:24,402 - INFO - 渲染第 126/344 頁
2025-08-07 21:27:24,906 - INFO - 渲染第 127/344 頁
2025-08-07 21:27:25,427 - INFO - 渲染第 128/344 頁
2025-08-07 21:27:25,928 - INFO - 渲染第 129/344 頁
2025-08-07 21:27:26,430 - INFO - 渲染第 130/344 頁
2025-08-07 21:27:26,943 - INFO - 渲染第 131/344 頁
2025-08-07 21:27:27,441 - INFO - 渲染第 132/344 頁
2025-08-07 21:27:27,951 - INFO - 渲染第 133/344 頁
2025-08-07 21:27:28,470 - INFO - 渲染第 134/344 頁
2025-08-07 21:27:28,987 - INFO - 渲染第 135/344 頁
2025-08-07 21:27:29,540 - INFO - 渲染第 136/344 頁
2025-08-07 21:27:30,038 - INFO - 渲染第 137/344 頁
2025-08-07 21:27:30,552 - INFO - 渲染第 138/344 頁
2025-08-07 21:27:31,065 - INFO - 渲染第 139/344 頁
2025-08-07 21:27:31,568 - INFO - 渲染第 140/344 頁
2025-08-07 21:27:32,075 - INFO - 渲染第 141/344 頁
2025-08-07 21:27:32,570 - INFO - 渲染第 142/344 頁
2025-08-07 21:27:33,079 - INFO - 渲染第 143/344 頁
2025-08-07 21:27:33,610 - INFO - 渲染第 144/344 頁
2025-08-07 21:27:34,127 - INFO - 渲染第 145/344 頁
2025-08-07 21:27:34,629 - INFO - 渲染第 146/344 頁
2025-08-07 21:27:35,132 - INFO - 渲染第 147/344 頁
2025-08-07 21:27:35,664 - INFO - 渲染第 148/344 頁
2025-08-07 21:27:36,168 - INFO - 渲染第 149/344 頁
2025-08-07 21:27:36,677 - INFO - 渲染第 150/344 頁
2025-08-07 21:27:37,189 - INFO - 渲染第 151/344 頁
2025-08-07 21:27:37,684 - INFO - 渲染第 152/344 頁
2025-08-07 21:27:38,222 - INFO - 渲染第 153/344 頁
2025-08-07 21:27:38,737 - INFO - 渲染第 154/344 頁
2025-08-07 21:27:39,295 - INFO - 渲染第 155/344 頁
2025-08-07 21:27:39,879 - INFO - 渲染第 156/344 頁
2025-08-07 21:27:40,462 - INFO - 渲染第 157/344 頁
2025-08-07 21:27:41,081 - INFO - 渲染第 158/344 頁
2025-08-07 21:27:41,702 - INFO - 渲染第 159/344 頁
2025-08-07 21:27:42,333 - INFO - 渲染第 160/344 頁
2025-08-07 21:27:42,888 - INFO - 渲染第 161/344 頁
2025-08-07 21:27:43,405 - INFO - 渲染第 162/344 頁
2025-08-07 21:27:43,903 - INFO - 渲染第 163/344 頁
2025-08-07 21:27:44,433 - INFO - 渲染第 164/344 頁
2025-08-07 21:27:44,991 - INFO - 渲染第 165/344 頁
2025-08-07 21:27:45,494 - INFO - 渲染第 166/344 頁
2025-08-07 21:27:45,996 - INFO - 渲染第 167/344 頁
2025-08-07 21:27:46,501 - INFO - 渲染第 168/344 頁
2025-08-07 21:27:47,006 - INFO - 渲染第 169/344 頁
2025-08-07 21:27:47,497 - INFO - 渲染第 170/344 頁
2025-08-07 21:27:48,007 - INFO - 渲染第 171/344 頁
2025-08-07 21:27:48,515 - INFO - 渲染第 172/344 頁
2025-08-07 21:27:49,018 - INFO - 渲染第 173/344 頁
2025-08-07 21:27:49,524 - INFO - 渲染第 174/344 頁
2025-08-07 21:27:50,093 - INFO - 渲染第 175/344 頁
2025-08-07 21:27:50,591 - INFO - 渲染第 176/344 頁
2025-08-07 21:27:51,090 - INFO - 渲染第 177/344 頁
2025-08-07 21:27:51,603 - INFO - 渲染第 178/344 頁
2025-08-07 21:27:52,121 - INFO - 渲染第 179/344 頁
2025-08-07 21:27:52,626 - INFO - 渲染第 180/344 頁
2025-08-07 21:27:53,136 - INFO - 渲染第 181/344 頁
2025-08-07 21:27:53,658 - INFO - 渲染第 182/344 頁
2025-08-07 21:27:54,154 - INFO - 渲染第 183/344 頁
2025-08-07 21:27:54,648 - INFO - 渲染第 184/344 頁
2025-08-07 21:27:55,155 - INFO - 渲染第 185/344 頁
2025-08-07 21:27:55,666 - INFO - 渲染第 186/344 頁
2025-08-07 21:27:56,129 - INFO - 渲染第 187/344 頁
2025-08-07 21:27:56,582 - INFO - 渲染第 188/344 頁
2025-08-07 21:27:57,075 - INFO - 渲染第 189/344 頁
2025-08-07 21:27:57,579 - INFO - 渲染第 190/344 頁
2025-08-07 21:27:58,105 - INFO - 渲染第 191/344 頁
2025-08-07 21:27:58,623 - INFO - 渲染第 192/344 頁
2025-08-07 21:27:59,104 - INFO - 渲染第 193/344 頁
2025-08-07 21:27:59,653 - INFO - 渲染第 194/344 頁
2025-08-07 21:28:00,166 - INFO - 渲染第 195/344 頁
2025-08-07 21:28:00,711 - INFO - 渲染第 196/344 頁
2025-08-07 21:28:01,204 - INFO - 渲染第 197/344 頁
2025-08-07 21:28:01,699 - INFO - 渲染第 198/344 頁
2025-08-07 21:28:02,201 - INFO - 渲染第 199/344 頁
2025-08-07 21:28:02,767 - INFO - 渲染第 200/344 頁
2025-08-07 21:28:03,322 - INFO - 渲染第 201/344 頁
2025-08-07 21:28:03,866 - INFO - 渲染第 202/344 頁
2025-08-07 21:28:04,447 - INFO - 渲染第 203/344 頁
2025-08-07 21:28:04,980 - INFO - 渲染第 204/344 頁
2025-08-07 21:28:05,591 - INFO - 渲染第 205/344 頁
2025-08-07 21:28:06,140 - INFO - 渲染第 206/344 頁
2025-08-07 21:28:06,646 - INFO - 渲染第 207/344 頁
2025-08-07 21:28:07,147 - INFO - 渲染第 208/344 頁
2025-08-07 21:28:07,649 - INFO - 渲染第 209/344 頁
2025-08-07 21:28:08,157 - INFO - 渲染第 210/344 頁
2025-08-07 21:28:08,708 - INFO - 渲染第 211/344 頁
2025-08-07 21:28:09,221 - INFO - 渲染第 212/344 頁
2025-08-07 21:28:09,717 - INFO - 渲染第 213/344 頁
2025-08-07 21:28:10,210 - INFO - 渲染第 214/344 頁
2025-08-07 21:28:10,726 - INFO - 渲染第 215/344 頁
2025-08-07 21:28:11,237 - INFO - 渲染第 216/344 頁
2025-08-07 21:28:11,729 - INFO - 渲染第 217/344 頁
2025-08-07 21:28:12,223 - INFO - 渲染第 218/344 頁
2025-08-07 21:28:12,727 - INFO - 渲染第 219/344 頁
2025-08-07 21:28:13,215 - INFO - 渲染第 220/344 頁
2025-08-07 21:28:13,701 - INFO - 渲染第 221/344 頁
2025-08-07 21:28:14,182 - INFO - 渲染第 222/344 頁
2025-08-07 21:28:14,668 - INFO - 渲染第 223/344 頁
2025-08-07 21:28:15,188 - INFO - 渲染第 224/344 頁
2025-08-07 21:28:15,678 - INFO - 渲染第 225/344 頁
2025-08-07 21:28:16,190 - INFO - 渲染第 226/344 頁
2025-08-07 21:28:16,677 - INFO - 渲染第 227/344 頁
2025-08-07 21:28:17,173 - INFO - 渲染第 228/344 頁
2025-08-07 21:28:17,671 - INFO - 渲染第 229/344 頁
2025-08-07 21:28:18,161 - INFO - 渲染第 230/344 頁
2025-08-07 21:28:18,663 - INFO - 渲染第 231/344 頁
2025-08-07 21:28:19,183 - INFO - 渲染第 232/344 頁
2025-08-07 21:28:19,693 - INFO - 渲染第 233/344 頁
2025-08-07 21:28:20,242 - INFO - 渲染第 234/344 頁
2025-08-07 21:28:20,744 - INFO - 渲染第 235/344 頁
2025-08-07 21:28:21,276 - INFO - 渲染第 236/344 頁
2025-08-07 21:28:21,783 - INFO - 渲染第 237/344 頁
2025-08-07 21:28:22,286 - INFO - 渲染第 238/344 頁
2025-08-07 21:28:22,808 - INFO - 渲染第 239/344 頁
2025-08-07 21:28:23,328 - INFO - 渲染第 240/344 頁
2025-08-07 21:28:23,839 - INFO - 渲染第 241/344 頁
2025-08-07 21:28:24,334 - INFO - 渲染第 242/344 頁
2025-08-07 21:28:24,837 - INFO - 渲染第 243/344 頁
2025-08-07 21:28:25,335 - INFO - 渲染第 244/344 頁
2025-08-07 21:28:25,850 - INFO - 渲染第 245/344 頁
2025-08-07 21:28:26,356 - INFO - 渲染第 246/344 頁
2025-08-07 21:28:26,860 - INFO - 渲染第 247/344 頁
2025-08-07 21:28:27,365 - INFO - 渲染第 248/344 頁
2025-08-07 21:28:27,871 - INFO - 渲染第 249/344 頁
2025-08-07 21:28:28,373 - INFO - 渲染第 250/344 頁
2025-08-07 21:28:28,881 - INFO - 渲染第 251/344 頁
2025-08-07 21:28:29,379 - INFO - 渲染第 252/344 頁
2025-08-07 21:28:29,878 - INFO - 渲染第 253/344 頁
2025-08-07 21:28:30,367 - INFO - 渲染第 254/344 頁
2025-08-07 21:28:30,872 - INFO - 渲染第 255/344 頁
2025-08-07 21:28:31,384 - INFO - 渲染第 256/344 頁
2025-08-07 21:28:31,971 - INFO - 渲染第 257/344 頁
2025-08-07 21:28:32,568 - INFO - 渲染第 258/344 頁
2025-08-07 21:28:33,235 - INFO - 渲染第 259/344 頁
2025-08-07 21:28:33,926 - INFO - 渲染第 260/344 頁
2025-08-07 21:28:34,668 - INFO - 渲染第 261/344 頁
2025-08-07 21:28:35,253 - INFO - 渲染第 262/344 頁
2025-08-07 21:28:35,757 - INFO - 渲染第 263/344 頁
2025-08-07 21:28:36,263 - INFO - 渲染第 264/344 頁
2025-08-07 21:28:36,798 - INFO - 渲染第 265/344 頁
2025-08-07 21:28:37,297 - INFO - 渲染第 266/344 頁
2025-08-07 21:28:37,845 - INFO - 渲染第 267/344 頁
2025-08-07 21:28:38,349 - INFO - 渲染第 268/344 頁
2025-08-07 21:28:38,885 - INFO - 渲染第 269/344 頁
2025-08-07 21:28:39,599 - INFO - 渲染第 270/344 頁
2025-08-07 21:28:40,091 - INFO - 渲染第 271/344 頁
2025-08-07 21:28:40,601 - INFO - 渲染第 272/344 頁
2025-08-07 21:28:41,139 - INFO - 渲染第 273/344 頁
2025-08-07 21:28:41,659 - INFO - 渲染第 274/344 頁
2025-08-07 21:28:42,211 - INFO - 渲染第 275/344 頁
2025-08-07 21:28:42,828 - INFO - 渲染第 276/344 頁
2025-08-07 21:28:43,388 - INFO - 渲染第 277/344 頁
2025-08-07 21:28:43,998 - INFO - 渲染第 278/344 頁
2025-08-07 21:28:44,547 - INFO - 渲染第 279/344 頁
2025-08-07 21:28:45,132 - INFO - 渲染第 280/344 頁
2025-08-07 21:28:45,740 - INFO - 渲染第 281/344 頁
2025-08-07 21:28:46,370 - INFO - 渲染第 282/344 頁
2025-08-07 21:28:46,884 - INFO - 渲染第 283/344 頁
2025-08-07 21:28:47,378 - INFO - 渲染第 284/344 頁
2025-08-07 21:28:47,881 - INFO - 渲染第 285/344 頁
2025-08-07 21:28:48,385 - INFO - 渲染第 286/344 頁
2025-08-07 21:28:48,873 - INFO - 渲染第 287/344 頁
2025-08-07 21:28:49,395 - INFO - 渲染第 288/344 頁
2025-08-07 21:28:49,984 - INFO - 渲染第 289/344 頁
2025-08-07 21:28:50,503 - INFO - 渲染第 290/344 頁
2025-08-07 21:28:51,006 - INFO - 渲染第 291/344 頁
2025-08-07 21:28:51,508 - INFO - 渲染第 292/344 頁
2025-08-07 21:28:52,013 - INFO - 渲染第 293/344 頁
2025-08-07 21:28:52,519 - INFO - 渲染第 294/344 頁
2025-08-07 21:28:53,016 - INFO - 渲染第 295/344 頁
2025-08-07 21:28:53,658 - INFO - 渲染第 296/344 頁
2025-08-07 21:28:54,179 - INFO - 渲染第 297/344 頁
2025-08-07 21:28:54,667 - INFO - 渲染第 298/344 頁
2025-08-07 21:28:55,177 - INFO - 渲染第 299/344 頁
2025-08-07 21:28:55,677 - INFO - 渲染第 300/344 頁
2025-08-07 21:28:56,178 - INFO - 渲染第 301/344 頁
2025-08-07 21:28:56,699 - INFO - 渲染第 302/344 頁
2025-08-07 21:28:57,197 - INFO - 渲染第 303/344 頁
2025-08-07 21:28:57,690 - INFO - 渲染第 304/344 頁
2025-08-07 21:28:58,181 - INFO - 渲染第 305/344 頁
2025-08-07 21:28:58,690 - INFO - 渲染第 306/344 頁
2025-08-07 21:28:59,143 - INFO - 渲染第 307/344 頁
2025-08-07 21:28:59,641 - INFO - 渲染第 308/344 頁
2025-08-07 21:29:00,158 - INFO - 渲染第 309/344 頁
2025-08-07 21:29:00,682 - INFO - 渲染第 310/344 頁
2025-08-07 21:29:01,189 - INFO - 渲染第 311/344 頁
2025-08-07 21:29:01,690 - INFO - 渲染第 312/344 頁
2025-08-07 21:29:02,197 - INFO - 渲染第 313/344 頁
2025-08-07 21:29:02,690 - INFO - 渲染第 314/344 頁
2025-08-07 21:29:03,193 - INFO - 渲染第 315/344 頁
2025-08-07 21:29:03,707 - INFO - 渲染第 316/344 頁
2025-08-07 21:29:04,198 - INFO - 渲染第 317/344 頁
2025-08-07 21:29:04,722 - INFO - 渲染第 318/344 頁
2025-08-07 21:29:05,222 - INFO - 渲染第 319/344 頁
2025-08-07 21:29:05,764 - INFO - 渲染第 320/344 頁
2025-08-07 21:29:06,308 - INFO - 渲染第 321/344 頁
2025-08-07 21:29:06,800 - INFO - 渲染第 322/344 頁
2025-08-07 21:29:07,302 - INFO - 渲染第 323/344 頁
2025-08-07 21:29:07,812 - INFO - 渲染第 324/344 頁
2025-08-07 21:29:08,295 - INFO - 渲染第 325/344 頁
2025-08-07 21:29:08,798 - INFO - 渲染第 326/344 頁
2025-08-07 21:29:09,312 - INFO - 渲染第 327/344 頁
2025-08-07 21:29:09,919 - INFO - 渲染第 328/344 頁
2025-08-07 21:29:10,447 - INFO - 渲染第 329/344 頁
2025-08-07 21:29:10,968 - INFO - 渲染第 330/344 頁
2025-08-07 21:29:11,656 - INFO - 渲染第 331/344 頁
2025-08-07 21:29:12,209 - INFO - 渲染第 332/344 頁
2025-08-07 21:29:12,717 - INFO - 渲染第 333/344 頁
2025-08-07 21:29:13,379 - INFO - 渲染第 334/344 頁
2025-08-07 21:29:13,930 - INFO - 渲染第 335/344 頁
2025-08-07 21:29:14,436 - INFO - 渲染第 336/344 頁
2025-08-07 21:29:14,937 - INFO - 渲染第 337/344 頁
2025-08-07 21:29:15,434 - INFO - 渲染第 338/344 頁
2025-08-07 21:29:15,929 - INFO - 渲染第 339/344 頁
2025-08-07 21:29:16,440 - INFO - 渲染第 340/344 頁
2025-08-07 21:29:16,930 - INFO - 渲染第 341/344 頁
2025-08-07 21:29:17,442 - INFO - 渲染第 342/344 頁
2025-08-07 21:29:17,931 - INFO - 渲染第 343/344 頁
2025-08-07 21:29:18,445 - INFO - 渲染第 344/344 頁
2025-08-07 21:29:19,034 - INFO - 成功渲染 344 頁
2025-08-07 21:29:19,034 - INFO - 開始創建PDF: clean.pdf
2025-08-07 21:29:19,034 - INFO - 處理第 1 頁
2025-08-07 21:29:21,127 - INFO - 處理第 2 頁
2025-08-07 21:29:22,257 - INFO - 處理第 3 頁
2025-08-07 21:29:23,931 - INFO - 處理第 4 頁
2025-08-07 21:29:25,161 - INFO - 處理第 5 頁
2025-08-07 21:29:26,679 - INFO - 處理第 6 頁
2025-08-07 21:29:27,981 - INFO - 處理第 7 頁
2025-08-07 21:29:29,726 - INFO - 處理第 8 頁
2025-08-07 21:29:31,508 - INFO - 處理第 9 頁
2025-08-07 21:29:33,351 - INFO - 處理第 10 頁
2025-08-07 21:29:34,438 - INFO - 處理第 11 頁
2025-08-07 21:29:35,474 - INFO - 處理第 12 頁
2025-08-07 21:29:37,258 - INFO - 處理第 13 頁
2025-08-07 21:29:39,370 - INFO - 處理第 14 頁
2025-08-07 21:29:41,369 - INFO - 處理第 15 頁
2025-08-07 21:29:43,257 - INFO - 處理第 16 頁
2025-08-07 21:29:45,146 - INFO - 處理第 17 頁
2025-08-07 21:29:47,086 - INFO - 處理第 18 頁
2025-08-07 21:29:49,198 - INFO - 處理第 19 頁
2025-08-07 21:29:50,980 - INFO - 處理第 20 頁
2025-08-07 21:29:52,932 - INFO - 處理第 21 頁
2025-08-07 21:29:54,537 - INFO - 處理第 22 頁
2025-08-07 21:29:56,393 - INFO - 處理第 23 頁
2025-08-07 21:29:58,435 - INFO - 處理第 24 頁
2025-08-07 21:29:59,988 - INFO - 處理第 25 頁
2025-08-07 21:30:01,963 - INFO - 處理第 26 頁
2025-08-07 21:30:04,289 - INFO - 處理第 27 頁
2025-08-07 21:30:06,115 - INFO - 處理第 28 頁
2025-08-07 21:30:08,082 - INFO - 處理第 29 頁
2025-08-07 21:30:10,037 - INFO - 處理第 30 頁
2025-08-07 21:30:11,801 - INFO - 處理第 31 頁
2025-08-07 21:30:13,844 - INFO - 處理第 32 頁
2025-08-07 21:30:16,040 - INFO - 處理第 33 頁
2025-08-07 21:30:17,804 - INFO - 處理第 34 頁
2025-08-07 21:30:19,673 - INFO - 處理第 35 頁
2025-08-07 21:30:21,649 - INFO - 處理第 36 頁
2025-08-07 21:30:23,741 - INFO - 處理第 37 頁
2025-08-07 21:30:25,848 - INFO - 處理第 38 頁
2025-08-07 21:30:27,167 - INFO - 處理第 39 頁
2025-08-07 21:30:28,748 - INFO - 處理第 40 頁
2025-08-07 21:30:30,715 - INFO - 處理第 41 頁
2025-08-07 21:30:32,293 - INFO - 處理第 42 頁
2025-08-07 21:30:34,406 - INFO - 處理第 43 頁
2025-08-07 21:30:36,388 - INFO - 處理第 44 頁
2025-08-07 21:30:38,639 - INFO - 處理第 45 頁
2025-08-07 21:30:40,540 - INFO - 處理第 46 頁
2025-08-07 21:30:42,273 - INFO - 處理第 47 頁
2025-08-07 21:30:44,406 - INFO - 處理第 48 頁
2025-08-07 21:30:46,471 - INFO - 處理第 49 頁
2025-08-07 21:30:48,627 - INFO - 處理第 50 頁
2025-08-07 21:30:50,309 - INFO - 處理第 51 頁
2025-08-07 21:30:52,683 - INFO - 處理第 52 頁
2025-08-07 21:30:55,318 - INFO - 處理第 53 頁
2025-08-07 21:30:57,114 - INFO - 處理第 54 頁
2025-08-07 21:30:58,939 - INFO - 處理第 55 頁
2025-08-07 21:31:00,959 - INFO - 處理第 56 頁
2025-08-07 21:31:02,933 - INFO - 處理第 57 頁
2025-08-07 21:31:05,227 - INFO - 處理第 58 頁
2025-08-07 21:31:06,885 - INFO - 處理第 59 頁
2025-08-07 21:31:08,675 - INFO - 處理第 60 頁
2025-08-07 21:31:10,202 - INFO - 處理第 61 頁
2025-08-07 21:31:12,256 - INFO - 處理第 62 頁
2025-08-07 21:31:14,242 - INFO - 處理第 63 頁
2025-08-07 21:31:15,895 - INFO - 處理第 64 頁
2025-08-07 21:31:18,360 - INFO - 處理第 65 頁
2025-08-07 21:31:19,761 - INFO - 處理第 66 頁
2025-08-07 21:31:20,853 - INFO - 處理第 67 頁
2025-08-07 21:31:22,618 - INFO - 處理第 68 頁
2025-08-07 21:31:24,963 - INFO - 處理第 69 頁
2025-08-07 21:31:26,790 - INFO - 處理第 70 頁
2025-08-07 21:31:28,762 - INFO - 處理第 71 頁
2025-08-07 21:31:30,756 - INFO - 處理第 72 頁
2025-08-07 21:31:32,858 - INFO - 處理第 73 頁
2025-08-07 21:31:34,854 - INFO - 處理第 74 頁
2025-08-07 21:31:36,784 - INFO - 處理第 75 頁
2025-08-07 21:31:38,641 - INFO - 處理第 76 頁
2025-08-07 21:31:40,499 - INFO - 處理第 77 頁
2025-08-07 21:31:42,118 - ERROR - 創建PDF時發生錯誤: 
